#
# A fatal error has been detected by the Java Runtime Environment:
#
#  EXCEPTION_ACCESS_VIOLATION (0xc0000005) at pc=0x00007ffaa787a956, pid=1528, tid=0x0000000000004a58
#
# JRE version: Java(TM) SE Runtime Environment (8.0_202-b08) (build 1.8.0_202-b08)
# Java VM: Java HotSpot(TM) 64-Bit Server VM (25.202-b08 mixed mode windows-amd64 compressed oops)
# Problematic frame:
# C  [msvcrt.dll+0x2a956]
#
# Failed to write core dump. Minidumps are not enabled by default on client versions of Windows
#
# If you would like to submit a bug report, please visit:
#   http://bugreport.java.com/bugreport/crash.jsp
#

---------------  T H R E A D  ---------------

Current thread (0x000000001ca16000):  VMThread [stack: 0x000000001f150000,0x000000001f250000] [id=19032]

siginfo: ExceptionCode=0xc0000005, writing address 0x0000000000000000

Registers:
RAX=0x0000000000000000, RBX=0x000000001f24ef90, RCX=0xfc7615e275310000, RDX=0x0000000000000000
RSP=0x000000001f24ef20, RBP=0x000000001f24f110, RSI=0xffffffffffffffff, RDI=0x00007ffa6d0454c0
R8 =0x0000000000000000, R9 =0x000000001f24e530, R10=0x0000000000000000, R11=0x000000001f24e960
R12=0x000000002ab93250, R13=0x00000000007f2668, R14=0x000000001f24ef88, R15=0x00007ffa6ccf82a0
RIP=0x00007ffaa787a956, EFLAGS=0x0000000000010286

Top of Stack: (sp=0x000000001f24ef20)
0x000000001f24ef20:   000000001f24ef90 000000001f24ef7c
0x000000001f24ef30:   0000000000000000 000000001f24ef60
0x000000001f24ef40:   0000000001e02c80 00007ffa6cce19bf
0x000000001f24ef50:   00007ffa6ccf82a0 000000002ab93290
0x000000001f24ef60:   00007ffa6d0454c0 0000000000000001
0x000000001f24ef70:   00007ffa6ccf82a0 00007ffa6cce19f9
0x000000001f24ef80:   000000001f24efe0 0000000000000000
0x000000001f24ef90:   0000000000000000 00007ffaa8eccbf4
0x000000001f24efa0:   00007ffa6ccf82a0 00007ffa6ccf8a94
0x000000001f24efb0:   0000000000000000 000000001f24f010
0x000000001f24efc0:   00007ffaa8fd8ba8 0000000000000001
0x000000001f24efd0:   0000000000000000 00007ffa6ccf8337
0x000000001f24efe0:   0000000000000001 000000001f24f1d0
0x000000001f24eff0:   00007ffa6d0454c0 0000000000000000
0x000000001f24f000:   000000000000100c 000000002ac00290
0x000000001f24f010:   0000000000000001 0000000001e02c80 

Instructions: (pc=0x00007ffaa787a956)
0x00007ffaa787a936:   ff 48 8b c8 48 85 c0 74 21 48 8b 03 49 2b 06 48
0x00007ffaa787a946:   c1 f8 03 48 8d 04 c1 48 89 03 49 89 0e 48 8b 03
0x00007ffaa787a956:   4c 89 38 48 83 03 08 49 8b ff e8 6f fc 00 00 48
0x00007ffaa787a966:   8b c7 48 8b 5c 24 30 48 8b 74 24 38 48 8b 7c 24 


Register to memory mapping:

RAX=0x0000000000000000 is an unknown value
RBX=0x000000001f24ef90 is an unknown value
RCX=0xfc7615e275310000 is an unknown value
RDX=0x0000000000000000 is an unknown value
RSP=0x000000001f24ef20 is an unknown value
RBP=0x000000001f24f110 is an unknown value
RSI=0xffffffffffffffff is an unknown value
RDI=0x00007ffa6d0454c0 is an unknown value
R8 =0x0000000000000000 is an unknown value
R9 =0x000000001f24e530 is an unknown value
R10=0x0000000000000000 is an unknown value
R11=0x000000001f24e960 is an unknown value
R12=0x000000002ab93250 is an unknown value
R13=0x00000000007f2668 is an unknown value
R14=0x000000001f24ef88 is an unknown value
R15=0x00007ffa6ccf82a0 is an unknown value


Stack: [0x000000001f150000,0x000000001f250000],  sp=0x000000001f24ef20,  free space=1019k
Native frames: (J=compiled Java code, j=interpreted, Vv=VM code, C=native code)
C  [msvcrt.dll+0x2a956]
C  [sapi_onecore.dll+0x1219bf]
C  [sapi_onecore.dll+0x1219f9]
C  [sapi_onecore.dll+0x138a94]
C  [sapi_onecore.dll+0x138337]
C  [sapi_onecore.dll+0x138e79]
C  [sapi_onecore.dll+0x1389d0]
C  [sapi_onecore.dll+0x138a0f]
C  [sapi_onecore.dll+0x3a7b5]
C  [sapi_onecore.dll+0x3a708]
C  [sapi_onecore.dll+0x3a6b4]
C  [sapi_onecore.dll+0x3a66d]
C  [MSTTSEngine_OneCore.dll+0x9aa97]
C  [MSTTSEngine_OneCore.dll+0x9ae0f]
C  [MSTTSEngine_OneCore.dll+0x9b19c]
C  [ntdll.dll+0x19a1d]
C  [ntdll.dll+0x5db91]
C  [ntdll.dll+0x5da2d]
C  [KERNEL32.DLL+0x1e0ab]
C  [msvcr100.dll+0x20ccd]
V  [jvm.dll+0x214045]
V  [jvm.dll+0x24d5d7]
V  [jvm.dll+0x24c876]
V  [jvm.dll+0x24cd11]
V  [jvm.dll+0x24cf2e]
V  [jvm.dll+0x29fc6a]
C  [msvcr100.dll+0x21d9f]
C  [msvcr100.dll+0x21e3b]
C  [KERNEL32.DLL+0x17034]
C  [ntdll.dll+0x52651]

VM_Operation (0x0000000020a4d070): Exit, mode: safepoint, requested by thread 0x000000001fe02000


---------------  P R O C E S S  ---------------

Java Threads: ( => current thread )
  0x000000001e1e8800 JavaThread "Thread-46" [_thread_in_native, id=16520, stack(0x0000000000e50000,0x0000000000f50000)]
  0x000000001ffde000 JavaThread "TimerQueue" daemon [_thread_blocked, id=19080, stack(0x0000000029ab0000,0x0000000029bb0000)]
  0x000000001fe02000 JavaThread "AWT-EventQueue-0" [_thread_blocked, id=19168, stack(0x0000000020950000,0x0000000020a50000)]
  0x000000001fdfc000 JavaThread "AWT-Shutdown" [_thread_blocked, id=15332, stack(0x0000000020600000,0x0000000020700000)]
  0x000000001fe5a000 JavaThread "Java2D Disposer" daemon [_thread_blocked, id=17244, stack(0x0000000020500000,0x0000000020600000)]
  0x000000001e1ee800 JavaThread "Service Thread" daemon [_thread_blocked, id=17916, stack(0x000000001fa50000,0x000000001fb50000)]
  0x000000001e15e800 JavaThread "C1 CompilerThread3" daemon [_thread_blocked, id=13916, stack(0x000000001f950000,0x000000001fa50000)]
  0x000000001e15d000 JavaThread "C2 CompilerThread2" daemon [_thread_blocked, id=2516, stack(0x000000001f850000,0x000000001f950000)]
  0x000000001e157000 JavaThread "C2 CompilerThread1" daemon [_thread_blocked, id=19036, stack(0x000000001f750000,0x000000001f850000)]
  0x000000001e14f000 JavaThread "C2 CompilerThread0" daemon [_thread_blocked, id=15380, stack(0x000000001f650000,0x000000001f750000)]
  0x000000001e14a000 JavaThread "Attach Listener" daemon [_thread_blocked, id=17532, stack(0x000000001f550000,0x000000001f650000)]
  0x000000001ca2d800 JavaThread "Signal Dispatcher" daemon [_thread_blocked, id=14784, stack(0x000000001f450000,0x000000001f550000)]
  0x000000001e0e3000 JavaThread "Finalizer" daemon [_thread_blocked, id=7312, stack(0x000000001f350000,0x000000001f450000)]
  0x000000001ca1d800 JavaThread "Reference Handler" daemon [_thread_blocked, id=16160, stack(0x000000001f250000,0x000000001f350000)]
  0x0000000002dd2800 JavaThread "main" [_thread_blocked, id=10612, stack(0x0000000002890000,0x0000000002990000)]

Other Threads:
=>0x000000001ca16000 VMThread [stack: 0x000000001f150000,0x000000001f250000] [id=19032]

VM state:at safepoint (shutting down)

VM Mutex/Monitor currently owned by a thread:  ([mutex/lock_event])
[0x00000000007fea30] Threads_lock - owner thread: 0x000000001ca16000

heap address: 0x00000006c3200000, size: 4046 MB, Compressed Oops mode: Zero based, Oop shift amount: 3
Narrow klass base: 0x0000000000000000, Narrow klass shift: 3
Compressed class space size: 1073741824 Address: 0x00000007c0000000

Heap:
 PSYoungGen      total 41472K, used 11090K [0x000000076bb80000, 0x000000076eb80000, 0x00000007c0000000)
  eden space 34816K, 13% used [0x000000076bb80000,0x000000076c01de68,0x000000076dd80000)
  from space 6656K, 95% used [0x000000076de00000,0x000000076e436c30,0x000000076e480000)
  to   space 7168K, 0% used [0x000000076e480000,0x000000076e480000,0x000000076eb80000)
 ParOldGen       total 60416K, used 31130K [0x00000006c3200000, 0x00000006c6d00000, 0x000000076bb80000)
  object space 60416K, 51% used [0x00000006c3200000,0x00000006c5066bd8,0x00000006c6d00000)
 Metaspace       used 17403K, capacity 17698K, committed 18048K, reserved 1064960K
  class space    used 1975K, capacity 2086K, committed 2176K, reserved 1048576K

Card table byte_map: [0x0000000012290000,0x0000000012a80000] byte_map_base: 0x000000000ec77000

Marking Bits: (ParMarkBitMap*) 0x000000006b655ce0
 Begin Bits: [0x00000000139d0000, 0x0000000017908000)
 End Bits:   [0x0000000017908000, 0x000000001b840000)

Polling page: 0x00000000010a0000

CodeCache: size=245760Kb used=8837Kb max_used=8848Kb free=236922Kb
 bounds [0x0000000002ed0000, 0x0000000003790000, 0x0000000011ed0000]
 total_blobs=3612 nmethods=2812 adapters=711
 compilation: enabled

Compilation events (10 events):
Event: 313.301 Thread 0x000000001e15e800 3308       1       java.lang.Thread::getThreadGroup (5 bytes)
Event: 313.301 Thread 0x000000001e15e800 nmethod 3308 0x000000000377bbd0 code [0x000000000377bd20, 0x000000000377be30]
Event: 313.301 Thread 0x000000001e15e800 3309   !   3       javax.swing.text.WrappedPlainView::loadText (34 bytes)
Event: 313.302 Thread 0x000000001e15e800 nmethod 3309 0x000000000377e810 code [0x000000000377e9e0, 0x000000000377efc8]
Event: 313.602 Thread 0x000000001e14f000 3310       4       java.awt.event.InvocationEvent::<init> (52 bytes)
Event: 313.605 Thread 0x000000001e14f000 nmethod 3310 0x0000000003782690 code [0x0000000003782800, 0x0000000003782e38]
Event: 314.241 Thread 0x000000001e15d000 3311       4       java.util.concurrent.locks.AbstractQueuedSynchronizer$ConditionObject::doSignalAll (36 bytes)
Event: 314.243 Thread 0x000000001e15d000 nmethod 3311 0x00000000034edf50 code [0x00000000034ee0a0, 0x00000000034ee298]
Event: 315.707 Thread 0x000000001e15e800 3312  s    3       java.util.Hashtable::containsKey (65 bytes)
Event: 315.708 Thread 0x000000001e15e800 nmethod 3312 0x0000000003781c50 code [0x0000000003781de0, 0x0000000003782418]

GC Heap History (10 events):
Event: 314.664 GC heap before
{Heap before GC invocations=1149 (full 36):
 PSYoungGen      total 44544K, used 43515K [0x000000076bb80000, 0x000000076ef00000, 0x00000007c0000000)
  eden space 37376K, 99% used [0x000000076bb80000,0x000000076dfe0198,0x000000076e000000)
  from space 7168K, 87% used [0x000000076e800000,0x000000076ee1ec30,0x000000076ef00000)
  to   space 7680K, 0% used [0x000000076e000000,0x000000076e000000,0x000000076e780000)
 ParOldGen       total 60416K, used 27024K [0x00000006c3200000, 0x00000006c6d00000, 0x000000076bb80000)
  object space 60416K, 44% used [0x00000006c3200000,0x00000006c4c643b8,0x00000006c6d00000)
 Metaspace       used 17398K, capacity 17698K, committed 18048K, reserved 1064960K
  class space    used 1975K, capacity 2086K, committed 2176K, reserved 1048576K
Event: 314.667 GC heap after
Heap after GC invocations=1149 (full 36):
 PSYoungGen      total 43520K, used 6299K [0x000000076bb80000, 0x000000076ed80000, 0x00000007c0000000)
  eden space 36864K, 0% used [0x000000076bb80000,0x000000076bb80000,0x000000076df80000)
  from space 6656K, 94% used [0x000000076e000000,0x000000076e626c30,0x000000076e680000)
  to   space 7168K, 0% used [0x000000076e680000,0x000000076e680000,0x000000076ed80000)
 ParOldGen       total 60416K, used 29057K [0x00000006c3200000, 0x00000006c6d00000, 0x000000076bb80000)
  object space 60416K, 48% used [0x00000006c3200000,0x00000006c4e607c8,0x00000006c6d00000)
 Metaspace       used 17398K, capacity 17698K, committed 18048K, reserved 1064960K
  class space    used 1975K, capacity 2086K, committed 2176K, reserved 1048576K
}
Event: 314.953 GC heap before
{Heap before GC invocations=1150 (full 36):
 PSYoungGen      total 43520K, used 41485K [0x000000076bb80000, 0x000000076ed80000, 0x00000007c0000000)
  eden space 36864K, 95% used [0x000000076bb80000,0x000000076dddcbc8,0x000000076df80000)
  from space 6656K, 94% used [0x000000076e000000,0x000000076e626c30,0x000000076e680000)
  to   space 7168K, 0% used [0x000000076e680000,0x000000076e680000,0x000000076ed80000)
 ParOldGen       total 60416K, used 29057K [0x00000006c3200000, 0x00000006c6d00000, 0x000000076bb80000)
  object space 60416K, 48% used [0x00000006c3200000,0x00000006c4e607c8,0x00000006c6d00000)
 Metaspace       used 17398K, capacity 17698K, committed 18048K, reserved 1064960K
  class space    used 1975K, capacity 2086K, committed 2176K, reserved 1048576K
Event: 314.954 GC heap after
Heap after GC invocations=1150 (full 36):
 PSYoungGen      total 43008K, used 6235K [0x000000076bb80000, 0x000000076ed00000, 0x00000007c0000000)
  eden space 36352K, 0% used [0x000000076bb80000,0x000000076bb80000,0x000000076df00000)
  from space 6656K, 93% used [0x000000076e680000,0x000000076ec96c30,0x000000076ed00000)
  to   space 7168K, 0% used [0x000000076df00000,0x000000076df00000,0x000000076e600000)
 ParOldGen       total 60416K, used 29065K [0x00000006c3200000, 0x00000006c6d00000, 0x000000076bb80000)
  object space 60416K, 48% used [0x00000006c3200000,0x00000006c4e627c8,0x00000006c6d00000)
 Metaspace       used 17398K, capacity 17698K, committed 18048K, reserved 1064960K
  class space    used 1975K, capacity 2086K, committed 2176K, reserved 1048576K
}
Event: 315.224 GC heap before
{Heap before GC invocations=1151 (full 36):
 PSYoungGen      total 43008K, used 41400K [0x000000076bb80000, 0x000000076ed00000, 0x00000007c0000000)
  eden space 36352K, 96% used [0x000000076bb80000,0x000000076ddd75e8,0x000000076df00000)
  from space 6656K, 93% used [0x000000076e680000,0x000000076ec96c30,0x000000076ed00000)
  to   space 7168K, 0% used [0x000000076df00000,0x000000076df00000,0x000000076e600000)
 ParOldGen       total 60416K, used 29065K [0x00000006c3200000, 0x00000006c6d00000, 0x000000076bb80000)
  object space 60416K, 48% used [0x00000006c3200000,0x00000006c4e627c8,0x00000006c6d00000)
 Metaspace       used 17398K, capacity 17698K, committed 18048K, reserved 1064960K
  class space    used 1975K, capacity 2086K, committed 2176K, reserved 1048576K
Event: 315.226 GC heap after
Heap after GC invocations=1151 (full 36):
 PSYoungGen      total 42496K, used 6299K [0x000000076bb80000, 0x000000076ec80000, 0x00000007c0000000)
  eden space 35840K, 0% used [0x000000076bb80000,0x000000076bb80000,0x000000076de80000)
  from space 6656K, 94% used [0x000000076df00000,0x000000076e526c30,0x000000076e580000)
  to   space 7168K, 0% used [0x000000076e580000,0x000000076e580000,0x000000076ec80000)
 ParOldGen       total 60416K, used 31114K [0x00000006c3200000, 0x00000006c6d00000, 0x000000076bb80000)
  object space 60416K, 51% used [0x00000006c3200000,0x00000006c5062bd8,0x00000006c6d00000)
 Metaspace       used 17398K, capacity 17698K, committed 18048K, reserved 1064960K
  class space    used 1975K, capacity 2086K, committed 2176K, reserved 1048576K
}
Event: 315.529 GC heap before
{Heap before GC invocations=1152 (full 36):
 PSYoungGen      total 42496K, used 41459K [0x000000076bb80000, 0x000000076ec80000, 0x00000007c0000000)
  eden space 35840K, 98% used [0x000000076bb80000,0x000000076ddd60f0,0x000000076de80000)
  from space 6656K, 94% used [0x000000076df00000,0x000000076e526c30,0x000000076e580000)
  to   space 7168K, 0% used [0x000000076e580000,0x000000076e580000,0x000000076ec80000)
 ParOldGen       total 60416K, used 31114K [0x00000006c3200000, 0x00000006c6d00000, 0x000000076bb80000)
  object space 60416K, 51% used [0x00000006c3200000,0x00000006c5062bd8,0x00000006c6d00000)
 Metaspace       used 17398K, capacity 17698K, committed 18048K, reserved 1064960K
  class space    used 1975K, capacity 2086K, committed 2176K, reserved 1048576K
Event: 315.531 GC heap after
Heap after GC invocations=1152 (full 36):
 PSYoungGen      total 41984K, used 6235K [0x000000076bb80000, 0x000000076ec00000, 0x00000007c0000000)
  eden space 35328K, 0% used [0x000000076bb80000,0x000000076bb80000,0x000000076de00000)
  from space 6656K, 93% used [0x000000076e580000,0x000000076eb96c30,0x000000076ec00000)
  to   space 7168K, 0% used [0x000000076de00000,0x000000076de00000,0x000000076e500000)
 ParOldGen       total 60416K, used 31122K [0x00000006c3200000, 0x00000006c6d00000, 0x000000076bb80000)
  object space 60416K, 51% used [0x00000006c3200000,0x00000006c5064bd8,0x00000006c6d00000)
 Metaspace       used 17398K, capacity 17698K, committed 18048K, reserved 1064960K
  class space    used 1975K, capacity 2086K, committed 2176K, reserved 1048576K
}
Event: 315.801 GC heap before
{Heap before GC invocations=1153 (full 36):
 PSYoungGen      total 41984K, used 39706K [0x000000076bb80000, 0x000000076ec00000, 0x00000007c0000000)
  eden space 35328K, 94% used [0x000000076bb80000,0x000000076dc2fc80,0x000000076de00000)
  from space 6656K, 93% used [0x000000076e580000,0x000000076eb96c30,0x000000076ec00000)
  to   space 7168K, 0% used [0x000000076de00000,0x000000076de00000,0x000000076e500000)
 ParOldGen       total 60416K, used 31122K [0x00000006c3200000, 0x00000006c6d00000, 0x000000076bb80000)
  object space 60416K, 51% used [0x00000006c3200000,0x00000006c5064bd8,0x00000006c6d00000)
 Metaspace       used 17403K, capacity 17698K, committed 18048K, reserved 1064960K
  class space    used 1975K, capacity 2086K, committed 2176K, reserved 1048576K
Event: 315.803 GC heap after
Heap after GC invocations=1153 (full 36):
 PSYoungGen      total 41472K, used 6363K [0x000000076bb80000, 0x000000076eb80000, 0x00000007c0000000)
  eden space 34816K, 0% used [0x000000076bb80000,0x000000076bb80000,0x000000076dd80000)
  from space 6656K, 95% used [0x000000076de00000,0x000000076e436c30,0x000000076e480000)
  to   space 7168K, 0% used [0x000000076e480000,0x000000076e480000,0x000000076eb80000)
 ParOldGen       total 60416K, used 31130K [0x00000006c3200000, 0x00000006c6d00000, 0x000000076bb80000)
  object space 60416K, 51% used [0x00000006c3200000,0x00000006c5066bd8,0x00000006c6d00000)
 Metaspace       used 17403K, capacity 17698K, committed 18048K, reserved 1064960K
  class space    used 1975K, capacity 2086K, committed 2176K, reserved 1048576K
}

Deoptimization events (10 events):
Event: 154.165 Thread 0x000000001fe02000 Uncommon trap: reason=unstable_if action=reinterpret pc=0x00000000034fc904 method=java.awt.geom.AffineTransform.equals(Ljava/lang/Object;)Z @ 47
Event: 154.274 Thread 0x000000001fe02000 Uncommon trap: reason=unstable_if action=reinterpret pc=0x00000000031bd97c method=javax.swing.SwingUtilities.computeIntersection(IIIILjava/awt/Rectangle;)Ljava/awt/Rectangle; @ 6
Event: 154.306 Thread 0x000000001fe02000 Uncommon trap: reason=unstable_if action=reinterpret pc=0x0000000003122ee4 method=java.awt.Component.getToolkitImpl()Ljava/awt/Toolkit; @ 6
Event: 154.306 Thread 0x000000001fe02000 Uncommon trap: reason=unstable_if action=reinterpret pc=0x0000000003550784 method=java.awt.Rectangle.translate(II)V @ 11
Event: 154.307 Thread 0x000000001fe02000 Uncommon trap: reason=unstable_if action=reinterpret pc=0x000000000311eeb0 method=java.awt.Rectangle.translate(II)V @ 11
Event: 154.354 Thread 0x000000001fe02000 Uncommon trap: reason=unstable_if action=reinterpret pc=0x000000000310bce4 method=java.awt.Rectangle.translate(II)V @ 11
Event: 154.355 Thread 0x000000001fe02000 Uncommon trap: reason=unstable_if action=reinterpret pc=0x000000000306f844 method=java.awt.Rectangle.translate(II)V @ 11
Event: 315.706 Thread 0x000000001fe02000 Uncommon trap: reason=unstable_if action=reinterpret pc=0x0000000003135dd8 method=java.util.IdentityHashMap.keySet()Ljava/util/Set; @ 6
Event: 315.707 Thread 0x000000001e1e9000 Uncommon trap: reason=unstable_if action=reinterpret pc=0x000000000337bcc0 method=java.util.Hashtable.containsKey(Ljava/lang/Object;)Z @ 36
Event: 315.707 Thread 0x000000001e1e9000 Uncommon trap: reason=unstable_if action=reinterpret pc=0x00000000031ff1bc method=java.lang.String.indexOf([CII[CIII)I @ 3

Classes redefined (0 events):
No events

Internal exceptions (10 events):
Event: 0.092 Thread 0x0000000002dd2800 Exception <a 'java/security/PrivilegedActionException'> (0x000000076bc9fca0) thrown at [C:\re\workspace\8-2-build-windows-amd64-cygwin\jdk8u202\12323\hotspot\src\share\vm\prims\jvm.cpp, line 1502]
Event: 0.092 Thread 0x0000000002dd2800 Exception <a 'java/security/PrivilegedActionException'> (0x000000076bca3910) thrown at [C:\re\workspace\8-2-build-windows-amd64-cygwin\jdk8u202\12323\hotspot\src\share\vm\prims\jvm.cpp, line 1502]
Event: 0.092 Thread 0x0000000002dd2800 Exception <a 'java/security/PrivilegedActionException'> (0x000000076bca3b20) thrown at [C:\re\workspace\8-2-build-windows-amd64-cygwin\jdk8u202\12323\hotspot\src\share\vm\prims\jvm.cpp, line 1502]
Event: 0.102 Thread 0x0000000002dd2800 Exception <a 'java/io/FileNotFoundException'> (0x000000076be31bc8) thrown at [C:\re\workspace\8-2-build-windows-amd64-cygwin\jdk8u202\12323\hotspot\src\share\vm\prims\jni.cpp, line 710]
Event: 0.122 Thread 0x0000000002dd2800 Exception <a 'java/lang/NoSuchFieldError': method resolution failed> (0x000000076bf025d0) thrown at [C:\re\workspace\8-2-build-windows-amd64-cygwin\jdk8u202\12323\hotspot\src\share\vm\prims\methodHandles.cpp, line 1167]
Event: 0.123 Thread 0x0000000002dd2800 Exception <a 'java/lang/NoSuchFieldError': method resolution failed> (0x000000076bf0f9a0) thrown at [C:\re\workspace\8-2-build-windows-amd64-cygwin\jdk8u202\12323\hotspot\src\share\vm\prims\methodHandles.cpp, line 1167]
Event: 0.160 Thread 0x000000001fe02000 Exception <a 'java/io/FileNotFoundException'> (0x000000076c1ed0e0) thrown at [C:\re\workspace\8-2-build-windows-amd64-cygwin\jdk8u202\12323\hotspot\src\share\vm\prims\jni.cpp, line 710]
Event: 0.275 Thread 0x000000001fe02000 Exception <a 'java/io/FileNotFoundException'> (0x000000076c2f7120) thrown at [C:\re\workspace\8-2-build-windows-amd64-cygwin\jdk8u202\12323\hotspot\src\share\vm\prims\jni.cpp, line 710]
Event: 0.275 Thread 0x000000001fe02000 Exception <a 'java/lang/NullPointerException'> (0x000000076c2f7758) thrown at [C:\re\workspace\8-2-build-windows-amd64-cygwin\jdk8u202\12323\hotspot\src\share\vm\interpreter\linkResolver.cpp, line 1185]
Event: 8.218 Thread 0x000000001ffe2000 Exception <a 'java/lang/NoClassDefFoundError': org/apache/log4j/Priority> (0x000000076c9afa48) thrown at [C:\re\workspace\8-2-build-windows-amd64-cygwin\jdk8u202\12323\hotspot\src\share\vm\classfile\systemDictionary.cpp, line 199]

Events (10 events):
Event: 315.707 Executing VM operation: RevokeBias done
Event: 315.707 Thread 0x000000001e1e9000 Thread exited: 0x000000001e1e9000
Event: 315.707 loading class sun/java2d/pipe/hw/AccelDeviceEventNotifier
Event: 315.707 loading class sun/java2d/pipe/hw/AccelDeviceEventNotifier done
Event: 315.708 Thread 0x000000001e15e800 flushing nmethod 0x0000000002fe4390
Event: 315.730 Thread 0x000000001fdfd000 Thread exited: 0x000000001fdfd000
Event: 315.801 Executing VM operation: ParallelGCFailedAllocation
Event: 315.803 Executing VM operation: ParallelGCFailedAllocation done
Event: 315.808 Thread 0x000000001e1ea000 Thread exited: 0x000000001e1ea000
Event: 315.808 Executing VM operation: Exit


Dynamic libraries:
0x00007ff7301d0000 - 0x00007ff730207000 	C:\Program Files\Java\jre1.8.0_202\bin\javaw.exe
0x00007ffaa8e70000 - 0x00007ffaa9065000 	C:\WINDOWS\SYSTEM32\ntdll.dll
0x00007ffaa7530000 - 0x00007ffaa75ed000 	C:\WINDOWS\System32\KERNEL32.DLL
0x00007ffaa6b20000 - 0x00007ffaa6de9000 	C:\WINDOWS\System32\KERNELBASE.dll
0x00007ffaa82d0000 - 0x00007ffaa837c000 	C:\WINDOWS\System32\ADVAPI32.dll
0x00007ffaa7850000 - 0x00007ffaa78ee000 	C:\WINDOWS\System32\msvcrt.dll
0x00007ffaa7960000 - 0x00007ffaa79fb000 	C:\WINDOWS\System32\sechost.dll
0x00007ffaa7400000 - 0x00007ffaa752a000 	C:\WINDOWS\System32\RPCRT4.dll
0x00007ffaa8130000 - 0x00007ffaa82d0000 	C:\WINDOWS\System32\USER32.dll
0x00007ffaa6ea0000 - 0x00007ffaa6ec2000 	C:\WINDOWS\System32\win32u.dll
0x00007ffaa7260000 - 0x00007ffaa728a000 	C:\WINDOWS\System32\GDI32.dll
0x00007ffaa6980000 - 0x00007ffaa6a8b000 	C:\WINDOWS\System32\gdi32full.dll
0x00007ffaa66f0000 - 0x00007ffaa678d000 	C:\WINDOWS\System32\msvcp_win.dll
0x00007ffaa65a0000 - 0x00007ffaa66a0000 	C:\WINDOWS\System32\ucrtbase.dll
0x00007ffa96610000 - 0x00007ffa968aa000 	C:\WINDOWS\WinSxS\amd64_microsoft.windows.common-controls_6595b64144ccf1df_6.0.19041.1110_none_60b5254171f9507e\COMCTL32.dll
0x00007ffaa6f30000 - 0x00007ffaa6f60000 	C:\WINDOWS\System32\IMM32.DLL
0x000000006b6e0000 - 0x000000006b7b2000 	C:\Program Files\Java\jre1.8.0_202\bin\msvcr100.dll
0x000000006ae30000 - 0x000000006b6d5000 	C:\Program Files\Java\jre1.8.0_202\bin\server\jvm.dll
0x00007ffaa86e0000 - 0x00007ffaa86e8000 	C:\WINDOWS\System32\PSAPI.DLL
0x00007ffaa2240000 - 0x00007ffaa2249000 	C:\WINDOWS\SYSTEM32\WSOCK32.dll
0x00007ffaa7a00000 - 0x00007ffaa7a6b000 	C:\WINDOWS\System32\WS2_32.dll
0x00007ffa9f510000 - 0x00007ffa9f51a000 	C:\WINDOWS\SYSTEM32\VERSION.dll
0x00007ffa9f520000 - 0x00007ffa9f547000 	C:\WINDOWS\SYSTEM32\WINMM.dll
0x00007ffa9ad00000 - 0x00007ffa9ad0f000 	C:\Program Files\Java\jre1.8.0_202\bin\verify.dll
0x00007ffa96e00000 - 0x00007ffa96e29000 	C:\Program Files\Java\jre1.8.0_202\bin\java.dll
0x00007ffa9a9b0000 - 0x00007ffa9a9c6000 	C:\Program Files\Java\jre1.8.0_202\bin\zip.dll
0x00007ffaa86f0000 - 0x00007ffaa8e2f000 	C:\WINDOWS\System32\SHELL32.dll
0x00007ffaa4670000 - 0x00007ffaa4e00000 	C:\WINDOWS\SYSTEM32\windows.storage.dll
0x00007ffaa8380000 - 0x00007ffaa86d5000 	C:\WINDOWS\System32\combase.dll
0x00007ffaa5e50000 - 0x00007ffaa5e7c000 	C:\WINDOWS\SYSTEM32\Wldp.dll
0x00007ffaa6f60000 - 0x00007ffaa700e000 	C:\WINDOWS\System32\SHCORE.dll
0x00007ffaa78f0000 - 0x00007ffaa7945000 	C:\WINDOWS\System32\shlwapi.dll
0x00007ffaa64e0000 - 0x00007ffaa64ff000 	C:\WINDOWS\SYSTEM32\profapi.dll
0x00007ffa538a0000 - 0x00007ffa57235000 	D:\java\REID\src\lib\opencv_java347.dll
0x00007ffaa75f0000 - 0x00007ffaa771a000 	C:\WINDOWS\System32\ole32.dll
0x00007ffaa7720000 - 0x00007ffaa77ed000 	C:\WINDOWS\System32\OLEAUT32.dll
0x00007ffa9add0000 - 0x00007ffa9af8c000 	C:\WINDOWS\SYSTEM32\MFPlat.DLL
0x00007ffa88060000 - 0x00007ffa880e4000 	C:\WINDOWS\SYSTEM32\MF.dll
0x00007ffa6e880000 - 0x00007ffa6e98a000 	C:\WINDOWS\SYSTEM32\MFReadWrite.dll
0x00007ffaa66a0000 - 0x00007ffaa66ee000 	C:\WINDOWS\System32\cfgmgr32.dll
0x00007ffa98f90000 - 0x00007ffa99421000 	C:\WINDOWS\SYSTEM32\MFCORE.DLL
0x00007ffaa6820000 - 0x00007ffaa697f000 	C:\WINDOWS\System32\CRYPT32.dll
0x00007ffaa6af0000 - 0x00007ffaa6b17000 	C:\WINDOWS\System32\bcrypt.dll
0x00007ffaa6480000 - 0x00007ffaa64cb000 	C:\WINDOWS\SYSTEM32\powrprof.dll
0x00007ffaa4360000 - 0x00007ffaa4372000 	C:\WINDOWS\SYSTEM32\kernel.appcore.dll
0x00007ffaa0ca0000 - 0x00007ffaa0ca9000 	C:\WINDOWS\SYSTEM32\ksuser.dll
0x00007ffaa5dc0000 - 0x00007ffaa5dcc000 	C:\WINDOWS\SYSTEM32\CRYPTBASE.DLL
0x00007ffaa6790000 - 0x00007ffaa6813000 	C:\WINDOWS\System32\bcryptPrimitives.dll
0x00007ffaa0fd0000 - 0x00007ffaa1000000 	C:\WINDOWS\SYSTEM32\RTWorkQ.DLL
0x00007ffaa6460000 - 0x00007ffaa6472000 	C:\WINDOWS\SYSTEM32\UMPDC.dll
0x00007ffa6b060000 - 0x00007ffa6b1f9000 	C:\Program Files\Java\jre1.8.0_202\bin\awt.dll
0x00007ffaa3bf0000 - 0x00007ffaa3c80000 	C:\WINDOWS\SYSTEM32\apphelp.dll
0x00007ffaa3f70000 - 0x00007ffaa400e000 	C:\WINDOWS\system32\uxtheme.dll
0x00007ffaa7a70000 - 0x00007ffaa7b85000 	C:\WINDOWS\System32\MSCTF.dll
0x00007ffa999b0000 - 0x00007ffa999e7000 	C:\WINDOWS\SYSTEM32\CompPkgSup.DLL
0x00007ffaa7c00000 - 0x00007ffaa7ca9000 	C:\WINDOWS\System32\clbcatq.dll
0x00007ffa5a7f0000 - 0x00007ffa5af16000 	C:\Windows\System32\Windows.Media.dll
0x00007ffa98b50000 - 0x00007ffa98c36000 	C:\Windows\System32\Windows.ApplicationModel.dll
0x00007ffaa1d00000 - 0x00007ffaa1f01000 	C:\Windows\System32\twinapi.appcore.dll
0x00007ffaa4380000 - 0x00007ffaa43af000 	C:\WINDOWS\system32\DWMAPI.DLL
0x00007ffa94690000 - 0x00007ffa946fc000 	C:\Windows\System32\FrameServerClient.dll
0x00007ffa94620000 - 0x00007ffa9468a000 	C:\Windows\System32\MFSENSORGROUP.dll
0x00007ffaa0150000 - 0x00007ffaa0249000 	C:\Windows\System32\AppXDeploymentClient.dll
0x00007ffaa1710000 - 0x00007ffaa171a000 	C:\WINDOWS\SYSTEM32\AVRT.dll
0x00007ffa92d60000 - 0x00007ffa92e85000 	C:\WINDOWS\system32\opengl32.dll
0x00007ffa913b0000 - 0x00007ffa913dc000 	C:\WINDOWS\SYSTEM32\GLU32.dll
0x00007ffaa0c60000 - 0x00007ffaa0c9b000 	C:\WINDOWS\SYSTEM32\dxcore.dll
0x00007ffa8cfa0000 - 0x00007ffa8cfd1000 	C:\Program Files\Java\jre1.8.0_202\bin\jpeg.dll
0x00007ffaa0730000 - 0x00007ffaa073d000 	C:\Windows\System32\vidcap.ax
0x00007ffa9a6b0000 - 0x00007ffa9a6d7000 	C:\Windows\System32\kswdmcap.ax
0x00007ffa5b640000 - 0x00007ffa5b7ac000 	C:\Windows\System32\MFC42.dll
0x00007ffa88350000 - 0x00007ffa88496000 	C:\Windows\System32\Windows.StateRepositoryPS.dll
0x00007ffaa2400000 - 0x00007ffaa2554000 	C:\Windows\System32\WinTypes.dll
0x00007ffa88250000 - 0x00007ffa88297000 	C:\Program Files\Java\jre1.8.0_202\bin\fontmanager.dll
0x00007ffaa0d90000 - 0x00007ffaa0f44000 	C:\WINDOWS\SYSTEM32\WindowsCodecs.dll
0x00007ffaa1000000 - 0x00007ffaa103e000 	C:\WINDOWS\system32\dataexchange.dll
0x00007ffaa29c0000 - 0x00007ffaa2c24000 	C:\WINDOWS\system32\d3d11.dll
0x00007ffaa2c30000 - 0x00007ffaa2e16000 	C:\WINDOWS\system32\dcomp.dll
0x00007ffaa4e40000 - 0x00007ffaa4f34000 	C:\WINDOWS\system32\dxgi.dll
0x00007ffa9c0c0000 - 0x00007ffa9c1b9000 	C:\WINDOWS\SYSTEM32\textinputframework.dll
0x00007ffaa3ac0000 - 0x00007ffaa3bb2000 	C:\WINDOWS\System32\CoreMessaging.dll
0x00007ffaa33e0000 - 0x00007ffaa373e000 	C:\WINDOWS\System32\CoreUIComponents.dll
0x00007ffaa5240000 - 0x00007ffaa5273000 	C:\WINDOWS\SYSTEM32\ntmarta.dll
0x00007ffa882f0000 - 0x00007ffa88341000 	C:\WINDOWS\SYSTEM32\capauthz.dll
0x00007ffaa6a90000 - 0x00007ffaa6af0000 	C:\WINDOWS\System32\WINTRUST.dll
0x00007ffaa6090000 - 0x00007ffaa60a2000 	C:\WINDOWS\SYSTEM32\MSASN1.dll
0x00007ffa9a5a0000 - 0x00007ffa9a5ba000 	C:\Program Files\Java\jre1.8.0_202\bin\net.dll
0x00007ffa99f00000 - 0x00007ffa9a0ec000 	C:\WINDOWS\SYSTEM32\urlmon.dll
0x00007ffa9a230000 - 0x00007ffa9a4e0000 	C:\WINDOWS\SYSTEM32\iertutil.dll
0x00007ffa9f930000 - 0x00007ffa9f958000 	C:\WINDOWS\SYSTEM32\srvcli.dll
0x00007ffaa5980000 - 0x00007ffaa598c000 	C:\WINDOWS\SYSTEM32\netutils.dll
0x00007ffaa5c30000 - 0x00007ffaa5c9a000 	C:\WINDOWS\system32\mswsock.dll
0x00007ffa8cf60000 - 0x00007ffa8cf72000 	C:\Program Files\Java\jre1.8.0_202\bin\nio.dll
0x00007ffa83570000 - 0x00007ffa835b2000 	C:\Program Files\Java\jre1.8.0_202\bin\t2k.dll
0x00007ffa59ef0000 - 0x00007ffa5a1df000 	C:\Program Files\Intel\Media SDK\mfx_mft_mjpgvd_64.dll
0x00007ffaa1b30000 - 0x00007ffaa1c26000 	C:\WINDOWS\SYSTEM32\PROPSYS.dll
0x00007ffa98c40000 - 0x00007ffa98c6b000 	C:\WINDOWS\system32\D3DSCache.dll
0x00007ffaa6430000 - 0x00007ffaa645e000 	C:\WINDOWS\system32\USERENV.dll
0x00007ffa9bc80000 - 0x00007ffa9bc9d000 	C:\Windows\System32\mfmjpegdec.dll
0x00007ffa7d7f0000 - 0x00007ffa7d91d000 	C:\Windows\System32\mfperfhelper.dll
0x00007ffa5b4e0000 - 0x00007ffa5b640000 	C:\WINDOWS\System32\msvproc.dll
0x00007ffa86aa0000 - 0x00007ffa86ac4000 	C:\Program Files\Java\jre1.8.0_202\bin\sunec.dll
0x00007ffaa5940000 - 0x00007ffaa597b000 	C:\WINDOWS\SYSTEM32\IPHLPAPI.DLL
0x00007ffaa7bf0000 - 0x00007ffaa7bf8000 	C:\WINDOWS\System32\NSI.dll
0x00007ffaa0250000 - 0x00007ffaa0267000 	C:\WINDOWS\SYSTEM32\dhcpcsvc6.DLL
0x00007ffaa0010000 - 0x00007ffaa002d000 	C:\WINDOWS\SYSTEM32\dhcpcsvc.DLL
0x00007ffaa59e0000 - 0x00007ffaa5aac000 	C:\WINDOWS\SYSTEM32\DNSAPI.dll
0x00007ffaa5e90000 - 0x00007ffaa5ea8000 	C:\WINDOWS\SYSTEM32\CRYPTSP.dll
0x00007ffaa55d0000 - 0x00007ffaa5604000 	C:\WINDOWS\system32\rsaenh.dll
0x00007ffa9bcc0000 - 0x00007ffa9bd0b000 	C:\Program Files (x86)\Sangfor\SSL\ClientComponent2\SangforNspX64.dll
0x00007ffa9cf10000 - 0x00007ffa9cf1a000 	C:\Windows\System32\rasadhlp.dll
0x00007ffa9f2b0000 - 0x00007ffa9f32f000 	C:\WINDOWS\System32\fwpuclnt.dll
0x00007ffa837b0000 - 0x00007ffa837ed000 	C:\Program Files\Java\jre1.8.0_202\bin\jacob-1.20-x64.dll
0x00007ffa59d60000 - 0x00007ffa59ee6000 	C:\WINDOWS\System32\Speech\Common\sapi.dll
0x00007ffa8a190000 - 0x00007ffa8a1ae000 	C:\WINDOWS\SYSTEM32\MSACM32.dll
0x00007ffa9ee30000 - 0x00007ffa9ee3b000 	C:\WINDOWS\SYSTEM32\msdmo.dll
0x00007ffa915d0000 - 0x00007ffa915f6000 	C:\WINDOWS\SYSTEM32\winmmbase.dll
0x00007ffa98320000 - 0x00007ffa983a5000 	C:\WINDOWS\System32\MMDevApi.dll
0x00007ffaa6130000 - 0x00007ffaa6164000 	C:\WINDOWS\System32\DEVOBJ.dll
0x00007ffaa6340000 - 0x00007ffaa63e2000 	C:\WINDOWS\SYSTEM32\sxs.dll
0x00007ffa587c0000 - 0x00007ffa589c7000 	C:\Windows\System32\speech_onecore\engines\tts\MSTTSEngine_OneCore.dll
0x00007ffaa5680000 - 0x00007ffaa570a000 	C:\WINDOWS\SYSTEM32\msvcp110_win.dll
0x00007ffa6cbc0000 - 0x00007ffa6d0b7000 	C:\WINDOWS\System32\Speech_OneCore\Common\sapi_onecore.dll
0x00007ffaa63f0000 - 0x00007ffaa6421000 	C:\WINDOWS\SYSTEM32\SspiCli.dll
0x00007ffa8e780000 - 0x00007ffa8e901000 	C:\WINDOWS\SYSTEM32\AudioSes.DLL
0x00007ffa9fb00000 - 0x00007ffa9fc08000 	C:\WINDOWS\SYSTEM32\WINHTTP.dll
0x00007ffa83270000 - 0x00007ffa832b6000 	C:\WINDOWS\SYSTEM32\wdmaud.drv
0x00007ffa9bc50000 - 0x00007ffa9bc5d000 	C:\WINDOWS\SYSTEM32\msacm32.drv

VM Arguments:
jvm_args: -Djava.library.path=D:\java\REID\src\lib -Dfile.encoding=UTF-8 
java_command: com.ffait.reid.MainFrame
java_class_path (initial): D:\java\REID\bin;D:\java\REID\src\lib\opencv-347.jar;D:\java\REID\src\lib\TableLayout.jar;D:\java\REID\src\lib\mysql-connector-java-5.1.43.jar;D:\java\REID\src\lib\pinyin4j-2.5.0.jar;D:\java\REID\src\lib\jacob.jar;D:\java\REID\src\lib\commons-codec-1.11.jar;D:\java\REID\src\lib\commons-logging-1.2.jar;D:\java\REID\src\lib\fluent-hc-4.5.13.jar;D:\java\REID\src\lib\httpclient-4.5.13.jar;D:\java\REID\src\lib\httpclient-cache-4.5.13.jar;D:\java\REID\src\lib\httpclient-osgi-4.5.13.jar;D:\java\REID\src\lib\httpclient-win-4.5.13.jar;D:\java\REID\src\lib\httpcore-4.4.13.jar;D:\java\REID\src\lib\httpmime-4.5.13.jar;D:\java\REID\src\lib\jna-4.5.2.jar;D:\java\REID\src\lib\jna-platform-4.5.2.jar;D:\java\REID\src\lib\arcsoft-sdk-face-3.0.0.0.jar
Launcher Type: SUN_STANDARD

Environment Variables:
JAVA_HOME=C:\Program Files\Java\jdk1.8.0_202
USERNAME=DELL
OS=Windows_NT
PROCESSOR_IDENTIFIER=Intel64 Family 6 Model 158 Stepping 10, GenuineIntel



---------------  S Y S T E M  ---------------

OS: Windows 10.0 , 64 bit Build 19041 (10.0.19041.1151)

CPU:total 12 (initial active 12) (6 cores per cpu, 2 threads per core) family 6 model 158 stepping 10, cmov, cx8, fxsr, mmx, sse, sse2, sse3, ssse3, sse4.1, sse4.2, popcnt, avx, avx2, aes, clmul, erms, rtm, 3dnowpref, lzcnt, ht, tsc, tscinvbit, bmi1, bmi2, adx

Memory: 4k page, physical 16568620k(3923256k free), swap 27578668k(6770796k free)

vm_info: Java HotSpot(TM) 64-Bit Server VM (25.202-b08) for windows-amd64 JRE (1.8.0_202-b08), built on Dec 15 2018 19:54:30 by "java_re" with MS VC++ 10.0 (VS2010)

time: Sun Jan 23 10:28:52 2022
timezone: 中国标准时间
elapsed time: 321 seconds (0d 0h 5m 21s)

